<?xml version="1.0" encoding="UTF-8"?>
<!-- Generated by org.testng.reporters.JUnitXMLReporter -->
<testsuite hostname="Balaji-PC" name="Test" tests="2" failures="1" timestamp="16 Feb 2017 07:22:51 GMT" time="61.255" errors="0">
  <testcase name="Achievement_Creation_as_Admin" time="24.984" classname="pkge3.Driver">
    <failure type="atu.testng.reports.exceptions.ATUReporterStepFailedException">
      <![CDATA[[ATU Custom Reporter Step Failed Exception]
	at atu.testng.reports.listeners.ATUReportsListener.onTestSuccess(Unknown Source)
... Removed 21 stack frames]]>
    </failure>
  </testcase> <!-- Achievement_Creation_as_Admin -->
  <testcase name="Register_New_User_Account" time="14.782" classname="pkge3.Driver"/>
</testsuite> <!-- Test -->
